<?xml version="1.0" encoding="UTF-8"?>
<testsuite name="JenkinsProject/tests" tests="1" failures="0" skipped="0" hostname="ibm-saurabhkumar" time="0.04" timestamp="Tue Feb 22 19:56:06 IST 2022">
	<properties>
		<property name="excludeCallableTestCases" value="true"/>
		<property name="testEnvironment" value=""/>
		<property name="pluginOutputLevel" value="WARNING"/>
		<property name="projectPath" value=".."/>
		<property name="salesforceMetadataCache" value="Reuse"/>
		<property name="resultsPathDisposition" value="Increment"/>
		<property name="testOutputLevel" value="INFO"/>
		<property name="webBrowserType" value="Chrome"/>
		<property name="resultsPath" value="../ANT/Results"/>
		<property name="webBrowserConfiguration" value="Full Screen"/>
		<property name="projectCachePath" value="C:\Users\saurabh.kumar\Provar\jenkinswork\JenkinsProject\ANT\..\..\.provarCaches"/>
	</properties>
	<testcase classname="tests/Test Case 1.testcase" name="Test Case 1.testcase" time="0.039">
	</testcase>
</testsuite>
